<?xml version="1.0" encoding="UTF-8"?>
<!-- Generated by org.testng.reporters.JUnitXMLReporter -->
<testsuite hostname="DESKTOP-MQ1PM19" name="UserManagement" tests="29" failures="4" timestamp="21 Nov 2019 11:37:01 GMT" time="842.965" errors="0">
  <testcase name="userCreation8_1" time="0.001" classname="com.selenium.mindmatrix.project.UserManagement.UserCreation">
    <skipped/>
  </testcase> <!-- userCreation8_1 -->
  <testcase name="userCreation8_2" time="0.001" classname="com.selenium.mindmatrix.project.UserManagement.UserCreation">
    <skipped/>
  </testcase> <!-- userCreation8_2 -->
  <testcase name="userCreation8_3" time="174.625" classname="com.selenium.mindmatrix.project.UserManagement.UserCreation"/>
  <testcase name="importingfile" time="0.001" classname="com.selenium.mindmatrix.project.UserManagement.ImportUser">
    <skipped/>
  </testcase> <!-- importingfile -->
  <testcase name="userimaport1" time="0.001" classname="com.selenium.mindmatrix.project.UserManagement.ImportUser">
    <skipped/>
  </testcase> <!-- userimaport1 -->
  <testcase name="TestUserGroupCreation11_1" time="254.76" classname="com.selenium.mindmatrix.project.UserManagement.TestUserGroupCreation"/>
  <testcase name="TestUserGroupCreation11_8" time="75.691" classname="com.selenium.mindmatrix.project.UserManagement.TestUserGroupCreation">
    <failure type="java.lang.AssertionError" message="no such element: Unable to locate element: {&amp;quot;method&amp;quot;:&amp;quot;xpath&amp;quot;,&amp;quot;selector&amp;quot;:&amp;quot;//div[@class=&amp;apos;inbox-side-bar inbox-sidebar-ui-fix hidden-sm hidden-xs&amp;apos;]//input[@placeholder=&amp;apos;Search for records&amp;apos;]                  &amp;quot;}
  (Session info: chrome=78.0.3904.97)
  (Driver info: chromedriver=2.44.609538 (b655c5a60b0b544917107a59d4153d4bf78e1b90),platform=Windows NT 10.0.17763 x86_64) (WARNING: The server did not provide any stacktrace information)
Command duration or timeout: 0 milliseconds
For documentation on this error, please visit: https://www.seleniumhq.org/exceptions/no_such_element.html
Build info: version: &amp;apos;3.141.59&amp;apos;, revision: &amp;apos;e82be7d358&amp;apos;, time: &amp;apos;2018-11-14T08:17:03&amp;apos;
System info: host: &amp;apos;DESKTOP-MQ1PM19&amp;apos;, ip: &amp;apos;192.168.1.72&amp;apos;, os.name: &amp;apos;Windows 10&amp;apos;, os.arch: &amp;apos;amd64&amp;apos;, os.version: &amp;apos;10.0&amp;apos;, java.version: &amp;apos;1.8.0_201&amp;apos;
Driver info: org.openqa.selenium.chrome.ChromeDriver
Capabilities {acceptInsecureCerts: false, acceptSslCerts: false, applicationCacheEnabled: false, browserConnectionEnabled: false, browserName: chrome, chrome: {chromedriverVersion: 2.44.609538 (b655c5a60b0b54..., userDataDir: C:\Users\hp\AppData\Local\T...}, cssSelectorsEnabled: true, databaseEnabled: false, goog:chromeOptions: {debuggerAddress: localhost:63374}, handlesAlerts: true, hasTouchScreen: false, javascriptEnabled: true, locationContextEnabled: true, mobileEmulationEnabled: false, nativeEvents: true, networkConnectionEnabled: false, pageLoadStrategy: normal, platform: XP, platformName: XP, rotatable: false, setWindowRect: true, takesHeapSnapshot: true, takesScreenshot: true, unexpectedAlertBehaviour: ignore, unhandledPromptBehavior: ignore, version: 78.0.3904.97, webStorageEnabled: true}
Session ID: b47437aa0d541082c3dc699cd00cbc8a
*** Element info: {Using=xpath, value=//div[@class=&amp;apos;inbox-side-bar inbox-sidebar-ui-fix hidden-sm hidden-xs&amp;apos;]//input[@placeholder=&amp;apos;Search for records&amp;apos;]                  }">
      <![CDATA[java.lang.AssertionError: no such element: Unable to locate element: {"method":"xpath","selector":"//div[@class='inbox-side-bar inbox-sidebar-ui-fix hidden-sm hidden-xs']//input[@placeholder='Search for records']                  "}
  (Session info: chrome=78.0.3904.97)
  (Driver info: chromedriver=2.44.609538 (b655c5a60b0b544917107a59d4153d4bf78e1b90),platform=Windows NT 10.0.17763 x86_64) (WARNING: The server did not provide any stacktrace information)
Command duration or timeout: 0 milliseconds
For documentation on this error, please visit: https://www.seleniumhq.org/exceptions/no_such_element.html
Build info: version: '3.141.59', revision: 'e82be7d358', time: '2018-11-14T08:17:03'
System info: host: 'DESKTOP-MQ1PM19', ip: '192.168.1.72', os.name: 'Windows 10', os.arch: 'amd64', os.version: '10.0', java.version: '1.8.0_201'
Driver info: org.openqa.selenium.chrome.ChromeDriver
Capabilities {acceptInsecureCerts: false, acceptSslCerts: false, applicationCacheEnabled: false, browserConnectionEnabled: false, browserName: chrome, chrome: {chromedriverVersion: 2.44.609538 (b655c5a60b0b54..., userDataDir: C:\Users\hp\AppData\Local\T...}, cssSelectorsEnabled: true, databaseEnabled: false, goog:chromeOptions: {debuggerAddress: localhost:63374}, handlesAlerts: true, hasTouchScreen: false, javascriptEnabled: true, locationContextEnabled: true, mobileEmulationEnabled: false, nativeEvents: true, networkConnectionEnabled: false, pageLoadStrategy: normal, platform: XP, platformName: XP, rotatable: false, setWindowRect: true, takesHeapSnapshot: true, takesScreenshot: true, unexpectedAlertBehaviour: ignore, unhandledPromptBehavior: ignore, version: 78.0.3904.97, webStorageEnabled: true}
Session ID: b47437aa0d541082c3dc699cd00cbc8a
*** Element info: {Using=xpath, value=//div[@class='inbox-side-bar inbox-sidebar-ui-fix hidden-sm hidden-xs']//input[@placeholder='Search for records']                  }
	at com.selenium.mindmatrix.project.base.BaseTest.reportFail(BaseTest.java:335)
	at com.selenium.mindmatrix.project.base.BaseTest.getElement(BaseTest.java:260)
	at com.selenium.mindmatrix.project.UserManagement.TestUserGroupCreation.noneverification(TestUserGroupCreation.java:92)
	at com.selenium.mindmatrix.project.UserManagement.TestUserGroupCreation.TestUserGroupCreation11_8(TestUserGroupCreation.java:63)
... Removed 26 stack frames]]>
    </failure>
  </testcase> <!-- TestUserGroupCreation11_8 -->
  <testcase name="subTest4_1" time="0.001" classname="com.selenium.mindmatrix.project.UserManagement.TestCompanyCreation">
    <skipped/>
  </testcase> <!-- subTest4_1 -->
  <testcase name="subTest4_2" time="0.001" classname="com.selenium.mindmatrix.project.UserManagement.TestCompanyCreation">
    <skipped/>
  </testcase> <!-- subTest4_2 -->
  <testcase name="subTest4_3" time="0.0" classname="com.selenium.mindmatrix.project.UserManagement.TestCompanyCreation">
    <skipped/>
  </testcase> <!-- subTest4_3 -->
  <testcase name="subTest4_4" time="0.001" classname="com.selenium.mindmatrix.project.UserManagement.TestCompanyCreation">
    <skipped/>
  </testcase> <!-- subTest4_4 -->
  <testcase name="subTest4_6" time="0.001" classname="com.selenium.mindmatrix.project.UserManagement.TestCompanyCreation">
    <skipped/>
  </testcase> <!-- subTest4_6 -->
  <testcase name="subTest4_7" time="0.0" classname="com.selenium.mindmatrix.project.UserManagement.TestCompanyCreation">
    <skipped/>
  </testcase> <!-- subTest4_7 -->
  <testcase name="subTest4_8" time="0.0" classname="com.selenium.mindmatrix.project.UserManagement.TestCompanyCreation">
    <skipped/>
  </testcase> <!-- subTest4_8 -->
  <testcase name="testCompanyCreation" time="0.0" classname="com.selenium.mindmatrix.project.UserManagement.TestCompanyCreation">
    <skipped/>
  </testcase> <!-- testCompanyCreation -->
  <testcase name="testCompanyCreation4_10" time="0.001" classname="com.selenium.mindmatrix.project.UserManagement.TestCompanyCreation">
    <skipped/>
  </testcase> <!-- testCompanyCreation4_10 -->
  <testcase name="testCompanyCreation4_11" time="0.001" classname="com.selenium.mindmatrix.project.UserManagement.TestCompanyCreation">
    <skipped/>
  </testcase> <!-- testCompanyCreation4_11 -->
  <testcase name="testCompanyCreation4_5" time="0.001" classname="com.selenium.mindmatrix.project.UserManagement.TestCompanyCreation">
    <skipped/>
  </testcase> <!-- testCompanyCreation4_5 -->
  <testcase name="testCompanyCreation4_9" time="0.0" classname="com.selenium.mindmatrix.project.UserManagement.TestCompanyCreation">
    <skipped/>
  </testcase> <!-- testCompanyCreation4_9 -->
  <testcase name="subTest5_1" time="0.0" classname="com.selenium.mindmatrix.project.UserManagement.EditCompany">
    <skipped/>
  </testcase> <!-- subTest5_1 -->
  <testcase name="testCopyCompany6_1" time="0.001" classname="com.selenium.mindmatrix.project.UserManagement.TestCopyCompany">
    <skipped/>
  </testcase> <!-- testCopyCompany6_1 -->
  <testcase name="testCopyCompany6_2" time="0.001" classname="com.selenium.mindmatrix.project.UserManagement.TestCopyCompany">
    <skipped/>
  </testcase> <!-- testCopyCompany6_2 -->
  <testcase name="testCopyCompany6_3" time="0.0" classname="com.selenium.mindmatrix.project.UserManagement.TestCopyCompany">
    <skipped/>
  </testcase> <!-- testCopyCompany6_3 -->
  <testcase name="testCompanyCreation" time="0.001" classname="com.selenium.mindmatrix.project.UserManagement.TestArchiveCompany">
    <skipped/>
  </testcase> <!-- testCompanyCreation -->
  <testcase name="testCompanyCreation1" time="0.001" classname="com.selenium.mindmatrix.project.UserManagement.TestArchiveCompany">
    <skipped/>
  </testcase> <!-- testCompanyCreation1 -->
  <testcase name="TestOrganizationGroupCreation13_1" time="44.219" classname="com.selenium.mindmatrix.project.UserManagement.TestOrganizationGroup">
    <failure type="java.lang.AssertionError" message="no such element: Unable to locate element: {&amp;quot;method&amp;quot;:&amp;quot;xpath&amp;quot;,&amp;quot;selector&amp;quot;:&amp;quot;//*[@id=&amp;quot;termsandcondition&amp;quot;]/div/div/div[2]/div/div/label[2]/i&amp;quot;}
  (Session info: chrome=78.0.3904.97)
  (Driver info: chromedriver=2.44.609538 (b655c5a60b0b544917107a59d4153d4bf78e1b90),platform=Windows NT 10.0.17763 x86_64) (WARNING: The server did not provide any stacktrace information)
Command duration or timeout: 0 milliseconds
For documentation on this error, please visit: https://www.seleniumhq.org/exceptions/no_such_element.html
Build info: version: &amp;apos;3.141.59&amp;apos;, revision: &amp;apos;e82be7d358&amp;apos;, time: &amp;apos;2018-11-14T08:17:03&amp;apos;
System info: host: &amp;apos;DESKTOP-MQ1PM19&amp;apos;, ip: &amp;apos;192.168.1.72&amp;apos;, os.name: &amp;apos;Windows 10&amp;apos;, os.arch: &amp;apos;amd64&amp;apos;, os.version: &amp;apos;10.0&amp;apos;, java.version: &amp;apos;1.8.0_201&amp;apos;
Driver info: org.openqa.selenium.chrome.ChromeDriver
Capabilities {acceptInsecureCerts: false, acceptSslCerts: false, applicationCacheEnabled: false, browserConnectionEnabled: false, browserName: chrome, chrome: {chromedriverVersion: 2.44.609538 (b655c5a60b0b54..., userDataDir: C:\Users\hp\AppData\Local\T...}, cssSelectorsEnabled: true, databaseEnabled: false, goog:chromeOptions: {debuggerAddress: localhost:63480}, handlesAlerts: true, hasTouchScreen: false, javascriptEnabled: true, locationContextEnabled: true, mobileEmulationEnabled: false, nativeEvents: true, networkConnectionEnabled: false, pageLoadStrategy: normal, platform: XP, platformName: XP, rotatable: false, setWindowRect: true, takesHeapSnapshot: true, takesScreenshot: true, unexpectedAlertBehaviour: ignore, unhandledPromptBehavior: ignore, version: 78.0.3904.97, webStorageEnabled: true}
Session ID: faedbfa1fffc277589a9912a546c950a
*** Element info: {Using=xpath, value=//*[@id=&amp;quot;termsandcondition&amp;quot;]/div/div/div[2]/div/div/label[2]/i}">
      <![CDATA[java.lang.AssertionError: no such element: Unable to locate element: {"method":"xpath","selector":"//*[@id="termsandcondition"]/div/div/div[2]/div/div/label[2]/i"}
  (Session info: chrome=78.0.3904.97)
  (Driver info: chromedriver=2.44.609538 (b655c5a60b0b544917107a59d4153d4bf78e1b90),platform=Windows NT 10.0.17763 x86_64) (WARNING: The server did not provide any stacktrace information)
Command duration or timeout: 0 milliseconds
For documentation on this error, please visit: https://www.seleniumhq.org/exceptions/no_such_element.html
Build info: version: '3.141.59', revision: 'e82be7d358', time: '2018-11-14T08:17:03'
System info: host: 'DESKTOP-MQ1PM19', ip: '192.168.1.72', os.name: 'Windows 10', os.arch: 'amd64', os.version: '10.0', java.version: '1.8.0_201'
Driver info: org.openqa.selenium.chrome.ChromeDriver
Capabilities {acceptInsecureCerts: false, acceptSslCerts: false, applicationCacheEnabled: false, browserConnectionEnabled: false, browserName: chrome, chrome: {chromedriverVersion: 2.44.609538 (b655c5a60b0b54..., userDataDir: C:\Users\hp\AppData\Local\T...}, cssSelectorsEnabled: true, databaseEnabled: false, goog:chromeOptions: {debuggerAddress: localhost:63480}, handlesAlerts: true, hasTouchScreen: false, javascriptEnabled: true, locationContextEnabled: true, mobileEmulationEnabled: false, nativeEvents: true, networkConnectionEnabled: false, pageLoadStrategy: normal, platform: XP, platformName: XP, rotatable: false, setWindowRect: true, takesHeapSnapshot: true, takesScreenshot: true, unexpectedAlertBehaviour: ignore, unhandledPromptBehavior: ignore, version: 78.0.3904.97, webStorageEnabled: true}
Session ID: faedbfa1fffc277589a9912a546c950a
*** Element info: {Using=xpath, value=//*[@id="termsandcondition"]/div/div/div[2]/div/div/label[2]/i}
	at com.selenium.mindmatrix.project.base.BaseTest.reportFail(BaseTest.java:335)
	at com.selenium.mindmatrix.project.base.BaseTest.getElement(BaseTest.java:260)
	at com.selenium.mindmatrix.project.base.BaseTest.doLogin(BaseTest.java:365)
	at com.selenium.mindmatrix.project.base.BaseTest.defaultLogin(BaseTest.java:417)
	at com.selenium.mindmatrix.project.UserManagement.TestOrganizationGroup.verification(TestOrganizationGroup.java:54)
	at com.selenium.mindmatrix.project.UserManagement.TestOrganizationGroup.TestOrganizationGroupCreation13_1(TestOrganizationGroup.java:46)
... Removed 26 stack frames]]>
    </failure>
  </testcase> <!-- TestOrganizationGroupCreation13_1 -->
  <testcase name="organizationCreationTest" time="43.085" classname="com.selenium.mindmatrix.project.UserManagement.TestOrganization">
    <failure type="java.lang.AssertionError" message="no such element: Unable to locate element: {&amp;quot;method&amp;quot;:&amp;quot;xpath&amp;quot;,&amp;quot;selector&amp;quot;:&amp;quot;//*[@id=&amp;quot;termsandcondition&amp;quot;]/div/div/div[2]/div/div/label[2]/i&amp;quot;}
  (Session info: chrome=78.0.3904.97)
  (Driver info: chromedriver=2.44.609538 (b655c5a60b0b544917107a59d4153d4bf78e1b90),platform=Windows NT 10.0.17763 x86_64) (WARNING: The server did not provide any stacktrace information)
Command duration or timeout: 0 milliseconds
For documentation on this error, please visit: https://www.seleniumhq.org/exceptions/no_such_element.html
Build info: version: &amp;apos;3.141.59&amp;apos;, revision: &amp;apos;e82be7d358&amp;apos;, time: &amp;apos;2018-11-14T08:17:03&amp;apos;
System info: host: &amp;apos;DESKTOP-MQ1PM19&amp;apos;, ip: &amp;apos;192.168.1.72&amp;apos;, os.name: &amp;apos;Windows 10&amp;apos;, os.arch: &amp;apos;amd64&amp;apos;, os.version: &amp;apos;10.0&amp;apos;, java.version: &amp;apos;1.8.0_201&amp;apos;
Driver info: org.openqa.selenium.chrome.ChromeDriver
Capabilities {acceptInsecureCerts: false, acceptSslCerts: false, applicationCacheEnabled: false, browserConnectionEnabled: false, browserName: chrome, chrome: {chromedriverVersion: 2.44.609538 (b655c5a60b0b54..., userDataDir: C:\Users\hp\AppData\Local\T...}, cssSelectorsEnabled: true, databaseEnabled: false, goog:chromeOptions: {debuggerAddress: localhost:63547}, handlesAlerts: true, hasTouchScreen: false, javascriptEnabled: true, locationContextEnabled: true, mobileEmulationEnabled: false, nativeEvents: true, networkConnectionEnabled: false, pageLoadStrategy: normal, platform: XP, platformName: XP, rotatable: false, setWindowRect: true, takesHeapSnapshot: true, takesScreenshot: true, unexpectedAlertBehaviour: ignore, unhandledPromptBehavior: ignore, version: 78.0.3904.97, webStorageEnabled: true}
Session ID: 7513ce3356b6635334aab9c3fb40088b
*** Element info: {Using=xpath, value=//*[@id=&amp;quot;termsandcondition&amp;quot;]/div/div/div[2]/div/div/label[2]/i}">
      <![CDATA[java.lang.AssertionError: no such element: Unable to locate element: {"method":"xpath","selector":"//*[@id="termsandcondition"]/div/div/div[2]/div/div/label[2]/i"}
  (Session info: chrome=78.0.3904.97)
  (Driver info: chromedriver=2.44.609538 (b655c5a60b0b544917107a59d4153d4bf78e1b90),platform=Windows NT 10.0.17763 x86_64) (WARNING: The server did not provide any stacktrace information)
Command duration or timeout: 0 milliseconds
For documentation on this error, please visit: https://www.seleniumhq.org/exceptions/no_such_element.html
Build info: version: '3.141.59', revision: 'e82be7d358', time: '2018-11-14T08:17:03'
System info: host: 'DESKTOP-MQ1PM19', ip: '192.168.1.72', os.name: 'Windows 10', os.arch: 'amd64', os.version: '10.0', java.version: '1.8.0_201'
Driver info: org.openqa.selenium.chrome.ChromeDriver
Capabilities {acceptInsecureCerts: false, acceptSslCerts: false, applicationCacheEnabled: false, browserConnectionEnabled: false, browserName: chrome, chrome: {chromedriverVersion: 2.44.609538 (b655c5a60b0b54..., userDataDir: C:\Users\hp\AppData\Local\T...}, cssSelectorsEnabled: true, databaseEnabled: false, goog:chromeOptions: {debuggerAddress: localhost:63547}, handlesAlerts: true, hasTouchScreen: false, javascriptEnabled: true, locationContextEnabled: true, mobileEmulationEnabled: false, nativeEvents: true, networkConnectionEnabled: false, pageLoadStrategy: normal, platform: XP, platformName: XP, rotatable: false, setWindowRect: true, takesHeapSnapshot: true, takesScreenshot: true, unexpectedAlertBehaviour: ignore, unhandledPromptBehavior: ignore, version: 78.0.3904.97, webStorageEnabled: true}
Session ID: 7513ce3356b6635334aab9c3fb40088b
*** Element info: {Using=xpath, value=//*[@id="termsandcondition"]/div/div/div[2]/div/div/label[2]/i}
	at com.selenium.mindmatrix.project.base.BaseTest.reportFail(BaseTest.java:335)
	at com.selenium.mindmatrix.project.base.BaseTest.getElement(BaseTest.java:260)
	at com.selenium.mindmatrix.project.base.BaseTest.doLogin(BaseTest.java:365)
	at com.selenium.mindmatrix.project.base.BaseTest.defaultLogin(BaseTest.java:417)
	at com.selenium.mindmatrix.project.UserManagement.TestOrganization.organizationCreation(TestOrganization.java:747)
	at com.selenium.mindmatrix.project.UserManagement.TestOrganization.organizationCreationTest(TestOrganization.java:82)
... Removed 26 stack frames]]>
    </failure>
  </testcase> <!-- organizationCreationTest -->
  <testcase name="organizationVerificationTest" time="42.851" classname="com.selenium.mindmatrix.project.UserManagement.TestOrganization">
    <failure type="java.lang.AssertionError" message="no such element: Unable to locate element: {&amp;quot;method&amp;quot;:&amp;quot;xpath&amp;quot;,&amp;quot;selector&amp;quot;:&amp;quot;//*[@id=&amp;quot;termsandcondition&amp;quot;]/div/div/div[2]/div/div/label[2]/i&amp;quot;}
  (Session info: chrome=78.0.3904.97)
  (Driver info: chromedriver=2.44.609538 (b655c5a60b0b544917107a59d4153d4bf78e1b90),platform=Windows NT 10.0.17763 x86_64) (WARNING: The server did not provide any stacktrace information)
Command duration or timeout: 0 milliseconds
For documentation on this error, please visit: https://www.seleniumhq.org/exceptions/no_such_element.html
Build info: version: &amp;apos;3.141.59&amp;apos;, revision: &amp;apos;e82be7d358&amp;apos;, time: &amp;apos;2018-11-14T08:17:03&amp;apos;
System info: host: &amp;apos;DESKTOP-MQ1PM19&amp;apos;, ip: &amp;apos;192.168.1.72&amp;apos;, os.name: &amp;apos;Windows 10&amp;apos;, os.arch: &amp;apos;amd64&amp;apos;, os.version: &amp;apos;10.0&amp;apos;, java.version: &amp;apos;1.8.0_201&amp;apos;
Driver info: org.openqa.selenium.chrome.ChromeDriver
Capabilities {acceptInsecureCerts: false, acceptSslCerts: false, applicationCacheEnabled: false, browserConnectionEnabled: false, browserName: chrome, chrome: {chromedriverVersion: 2.44.609538 (b655c5a60b0b54..., userDataDir: C:\Users\hp\AppData\Local\T...}, cssSelectorsEnabled: true, databaseEnabled: false, goog:chromeOptions: {debuggerAddress: localhost:63617}, handlesAlerts: true, hasTouchScreen: false, javascriptEnabled: true, locationContextEnabled: true, mobileEmulationEnabled: false, nativeEvents: true, networkConnectionEnabled: false, pageLoadStrategy: normal, platform: XP, platformName: XP, rotatable: false, setWindowRect: true, takesHeapSnapshot: true, takesScreenshot: true, unexpectedAlertBehaviour: ignore, unhandledPromptBehavior: ignore, version: 78.0.3904.97, webStorageEnabled: true}
Session ID: f56d93cc37fbd664d7098cd8c7acfde3
*** Element info: {Using=xpath, value=//*[@id=&amp;quot;termsandcondition&amp;quot;]/div/div/div[2]/div/div/label[2]/i}">
      <![CDATA[java.lang.AssertionError: no such element: Unable to locate element: {"method":"xpath","selector":"//*[@id="termsandcondition"]/div/div/div[2]/div/div/label[2]/i"}
  (Session info: chrome=78.0.3904.97)
  (Driver info: chromedriver=2.44.609538 (b655c5a60b0b544917107a59d4153d4bf78e1b90),platform=Windows NT 10.0.17763 x86_64) (WARNING: The server did not provide any stacktrace information)
Command duration or timeout: 0 milliseconds
For documentation on this error, please visit: https://www.seleniumhq.org/exceptions/no_such_element.html
Build info: version: '3.141.59', revision: 'e82be7d358', time: '2018-11-14T08:17:03'
System info: host: 'DESKTOP-MQ1PM19', ip: '192.168.1.72', os.name: 'Windows 10', os.arch: 'amd64', os.version: '10.0', java.version: '1.8.0_201'
Driver info: org.openqa.selenium.chrome.ChromeDriver
Capabilities {acceptInsecureCerts: false, acceptSslCerts: false, applicationCacheEnabled: false, browserConnectionEnabled: false, browserName: chrome, chrome: {chromedriverVersion: 2.44.609538 (b655c5a60b0b54..., userDataDir: C:\Users\hp\AppData\Local\T...}, cssSelectorsEnabled: true, databaseEnabled: false, goog:chromeOptions: {debuggerAddress: localhost:63617}, handlesAlerts: true, hasTouchScreen: false, javascriptEnabled: true, locationContextEnabled: true, mobileEmulationEnabled: false, nativeEvents: true, networkConnectionEnabled: false, pageLoadStrategy: normal, platform: XP, platformName: XP, rotatable: false, setWindowRect: true, takesHeapSnapshot: true, takesScreenshot: true, unexpectedAlertBehaviour: ignore, unhandledPromptBehavior: ignore, version: 78.0.3904.97, webStorageEnabled: true}
Session ID: f56d93cc37fbd664d7098cd8c7acfde3
*** Element info: {Using=xpath, value=//*[@id="termsandcondition"]/div/div/div[2]/div/div/label[2]/i}
	at com.selenium.mindmatrix.project.base.BaseTest.reportFail(BaseTest.java:335)
	at com.selenium.mindmatrix.project.base.BaseTest.getElement(BaseTest.java:260)
	at com.selenium.mindmatrix.project.base.BaseTest.doLogin(BaseTest.java:365)
	at com.selenium.mindmatrix.project.base.BaseTest.defaultLogin(BaseTest.java:417)
	at com.selenium.mindmatrix.project.UserManagement.TestOrganization.verificationofInfoTab(TestOrganization.java:118)
	at com.selenium.mindmatrix.project.UserManagement.TestOrganization.organizationVerificationTest(TestOrganization.java:60)
... Removed 26 stack frames]]>
    </failure>
  </testcase> <!-- organizationVerificationTest -->
  <testcase name="subTest12_3" time="202.076" classname="com.selenium.mindmatrix.project.UserManagement.TestOrganization"/>
</testsuite> <!-- UserManagement -->
