<?xml version="1.0" encoding="UTF-8"?>
<!-- Generated by org.testng.reporters.JUnitXMLReporter -->
<testsuite hostname="DESKTOP-MQ1PM19" name="Default test(failed)" tests="1" failures="1" timestamp="17 Mar 2020 05:50:12 GMT" time="21.567" errors="0">
  <testcase name="TestTC3" time="20.373" classname="com.selenium.mindmatrix.project.CriticalFunctionalityCheck.TC3Testfordefaultdashboardbanner">
    <failure type="java.lang.AssertionError" message="WebElement &amp;apos;username&amp;apos; is not found.">
      <![CDATA[java.lang.AssertionError: WebElement 'username' is not found.
	at com.selenium.mindmatrix.project.base.BaseTest.reportFail(BaseTest.java:404)
	at com.selenium.mindmatrix.project.base.BaseTest.waitForElementforreportfail(BaseTest.java:288)
	at com.selenium.mindmatrix.project.CriticalFunctionalityCheck.TC3Testfordefaultdashboardbanner.TestTC3(TC3Testfordefaultdashboardbanner.java:97)
... Removed 25 stack frames]]>
    </failure>
  </testcase> <!-- TestTC3 -->
</testsuite> <!-- Default test(failed) -->
