<?xml version="1.0" encoding="UTF-8"?>
<!-- Generated by org.testng.reporters.JUnitXMLReporter -->
<testsuite hostname="DESKTOP-MQ1PM19" name="UserManagement" tests="23" failures="2" timestamp="29 Aug 2019 06:14:37 GMT" time="1262.497" errors="0">
  <testcase name="userCreation8_1" time="0.0" classname="com.selenium.mindmatrix.project.UserManagement.UserCreation">
    <skipped/>
  </testcase> <!-- userCreation8_1 -->
  <testcase name="userimaport1" time="0.0" classname="com.selenium.mindmatrix.project.UserManagement.ImportUser">
    <skipped/>
  </testcase> <!-- userimaport1 -->
  <testcase name="TestUserGroupCreation11_1" time="412.189" classname="com.selenium.mindmatrix.project.UserManagement.TestUserGroupCreation">
    <failure type="java.lang.AssertionError" message="no such element: Unable to locate element: {&amp;quot;method&amp;quot;:&amp;quot;xpath&amp;quot;,&amp;quot;selector&amp;quot;:&amp;quot;//ul[@class=&amp;apos;inbox-menu-lg inbox-folder-list custom-scroll&amp;apos;]//li[@class=&amp;apos;active&amp;apos;]//a[contains(text(),&amp;apos;Added&amp;apos;)]/strong&amp;quot;}
  (Session info: chrome=76.0.3809.132)
  (Driver info: chromedriver=2.44.609538 (b655c5a60b0b544917107a59d4153d4bf78e1b90),platform=Windows NT 10.0.17763 x86_64) (WARNING: The server did not provide any stacktrace information)
Command duration or timeout: 0 milliseconds
For documentation on this error, please visit: https://www.seleniumhq.org/exceptions/no_such_element.html
Build info: version: &amp;apos;3.141.59&amp;apos;, revision: &amp;apos;e82be7d358&amp;apos;, time: &amp;apos;2018-11-14T08:17:03&amp;apos;
System info: host: &amp;apos;DESKTOP-MQ1PM19&amp;apos;, ip: &amp;apos;192.168.1.67&amp;apos;, os.name: &amp;apos;Windows 10&amp;apos;, os.arch: &amp;apos;amd64&amp;apos;, os.version: &amp;apos;10.0&amp;apos;, java.version: &amp;apos;1.8.0_201&amp;apos;
Driver info: org.openqa.selenium.chrome.ChromeDriver
Capabilities {acceptInsecureCerts: false, acceptSslCerts: false, applicationCacheEnabled: false, browserConnectionEnabled: false, browserName: chrome, chrome: {chromedriverVersion: 2.44.609538 (b655c5a60b0b54..., userDataDir: C:\Users\hp\AppData\Local\T...}, cssSelectorsEnabled: true, databaseEnabled: false, goog:chromeOptions: {debuggerAddress: localhost:63023}, handlesAlerts: true, hasTouchScreen: false, javascriptEnabled: true, locationContextEnabled: true, mobileEmulationEnabled: false, nativeEvents: true, networkConnectionEnabled: false, pageLoadStrategy: normal, platform: XP, platformName: XP, rotatable: false, setWindowRect: true, takesHeapSnapshot: true, takesScreenshot: true, unexpectedAlertBehaviour: ignore, unhandledPromptBehavior: ignore, version: 76.0.3809.132, webStorageEnabled: true}
Session ID: 5b3302dd08a4e83297967e6dc7cd98f2
*** Element info: {Using=xpath, value=//ul[@class=&amp;apos;inbox-menu-lg inbox-folder-list custom-scroll&amp;apos;]//li[@class=&amp;apos;active&amp;apos;]//a[contains(text(),&amp;apos;Added&amp;apos;)]/strong}">
      <![CDATA[java.lang.AssertionError: no such element: Unable to locate element: {"method":"xpath","selector":"//ul[@class='inbox-menu-lg inbox-folder-list custom-scroll']//li[@class='active']//a[contains(text(),'Added')]/strong"}
  (Session info: chrome=76.0.3809.132)
  (Driver info: chromedriver=2.44.609538 (b655c5a60b0b544917107a59d4153d4bf78e1b90),platform=Windows NT 10.0.17763 x86_64) (WARNING: The server did not provide any stacktrace information)
Command duration or timeout: 0 milliseconds
For documentation on this error, please visit: https://www.seleniumhq.org/exceptions/no_such_element.html
Build info: version: '3.141.59', revision: 'e82be7d358', time: '2018-11-14T08:17:03'
System info: host: 'DESKTOP-MQ1PM19', ip: '192.168.1.67', os.name: 'Windows 10', os.arch: 'amd64', os.version: '10.0', java.version: '1.8.0_201'
Driver info: org.openqa.selenium.chrome.ChromeDriver
Capabilities {acceptInsecureCerts: false, acceptSslCerts: false, applicationCacheEnabled: false, browserConnectionEnabled: false, browserName: chrome, chrome: {chromedriverVersion: 2.44.609538 (b655c5a60b0b54..., userDataDir: C:\Users\hp\AppData\Local\T...}, cssSelectorsEnabled: true, databaseEnabled: false, goog:chromeOptions: {debuggerAddress: localhost:63023}, handlesAlerts: true, hasTouchScreen: false, javascriptEnabled: true, locationContextEnabled: true, mobileEmulationEnabled: false, nativeEvents: true, networkConnectionEnabled: false, pageLoadStrategy: normal, platform: XP, platformName: XP, rotatable: false, setWindowRect: true, takesHeapSnapshot: true, takesScreenshot: true, unexpectedAlertBehaviour: ignore, unhandledPromptBehavior: ignore, version: 76.0.3809.132, webStorageEnabled: true}
Session ID: 5b3302dd08a4e83297967e6dc7cd98f2
*** Element info: {Using=xpath, value=//ul[@class='inbox-menu-lg inbox-folder-list custom-scroll']//li[@class='active']//a[contains(text(),'Added')]/strong}
	at com.selenium.mindmatrix.project.base.BaseTest.reportFail(BaseTest.java:327)
	at com.selenium.mindmatrix.project.base.BaseTest.getElement(BaseTest.java:253)
	at com.selenium.mindmatrix.project.UserManagement.TestUserGroupCreation.TestUserGroupCreation11_1(TestUserGroupCreation.java:412)
... Removed 24 stack frames]]>
    </failure>
  </testcase> <!-- TestUserGroupCreation11_1 -->
  <testcase name="subTest4_1" time="0.0" classname="com.selenium.mindmatrix.project.UserManagement.TestCompanyCreation">
    <skipped/>
  </testcase> <!-- subTest4_1 -->
  <testcase name="subTest4_2" time="0.0" classname="com.selenium.mindmatrix.project.UserManagement.TestCompanyCreation">
    <skipped/>
  </testcase> <!-- subTest4_2 -->
  <testcase name="subTest4_3" time="0.0" classname="com.selenium.mindmatrix.project.UserManagement.TestCompanyCreation">
    <skipped/>
  </testcase> <!-- subTest4_3 -->
  <testcase name="subTest4_4" time="0.0" classname="com.selenium.mindmatrix.project.UserManagement.TestCompanyCreation">
    <skipped/>
  </testcase> <!-- subTest4_4 -->
  <testcase name="subTest4_6" time="0.0" classname="com.selenium.mindmatrix.project.UserManagement.TestCompanyCreation">
    <skipped/>
  </testcase> <!-- subTest4_6 -->
  <testcase name="subTest4_7" time="0.0" classname="com.selenium.mindmatrix.project.UserManagement.TestCompanyCreation">
    <skipped/>
  </testcase> <!-- subTest4_7 -->
  <testcase name="subTest4_8" time="0.0" classname="com.selenium.mindmatrix.project.UserManagement.TestCompanyCreation">
    <skipped/>
  </testcase> <!-- subTest4_8 -->
  <testcase name="testCompanyCreation" time="0.0" classname="com.selenium.mindmatrix.project.UserManagement.TestCompanyCreation">
    <skipped/>
  </testcase> <!-- testCompanyCreation -->
  <testcase name="testCompanyCreation4_10" time="0.0" classname="com.selenium.mindmatrix.project.UserManagement.TestCompanyCreation">
    <skipped/>
  </testcase> <!-- testCompanyCreation4_10 -->
  <testcase name="testCompanyCreation4_11" time="0.0" classname="com.selenium.mindmatrix.project.UserManagement.TestCompanyCreation">
    <skipped/>
  </testcase> <!-- testCompanyCreation4_11 -->
  <testcase name="testCompanyCreation4_5" time="0.0" classname="com.selenium.mindmatrix.project.UserManagement.TestCompanyCreation">
    <skipped/>
  </testcase> <!-- testCompanyCreation4_5 -->
  <testcase name="testCompanyCreation4_9" time="0.0" classname="com.selenium.mindmatrix.project.UserManagement.TestCompanyCreation">
    <skipped/>
  </testcase> <!-- testCompanyCreation4_9 -->
  <testcase name="subTest5_1" time="0.0" classname="com.selenium.mindmatrix.project.UserManagement.EditCompany">
    <skipped/>
  </testcase> <!-- subTest5_1 -->
  <testcase name="testCopyCompany6_1" time="0.0" classname="com.selenium.mindmatrix.project.UserManagement.TestCopyCompany">
    <skipped/>
  </testcase> <!-- testCopyCompany6_1 -->
  <testcase name="testCopyCompany6_2" time="0.0" classname="com.selenium.mindmatrix.project.UserManagement.TestCopyCompany">
    <skipped/>
  </testcase> <!-- testCopyCompany6_2 -->
  <testcase name="testCopyCompany6_3" time="0.0" classname="com.selenium.mindmatrix.project.UserManagement.TestCopyCompany">
    <skipped/>
  </testcase> <!-- testCopyCompany6_3 -->
  <testcase name="testCompanyCreation" time="0.0" classname="com.selenium.mindmatrix.project.UserManagement.TestArchiveCompany">
    <skipped/>
  </testcase> <!-- testCompanyCreation -->
  <testcase name="testCompanyCreation1" time="0.0" classname="com.selenium.mindmatrix.project.UserManagement.TestArchiveCompany">
    <skipped/>
  </testcase> <!-- testCompanyCreation1 -->
  <testcase name="TestOrganizationGroupCreation13_1" time="570.695" classname="com.selenium.mindmatrix.project.UserManagement.TestOrganizationGroup">
    <failure type="java.lang.AssertionError" message="no such element: Unable to locate element: {&amp;quot;method&amp;quot;:&amp;quot;xpath&amp;quot;,&amp;quot;selector&amp;quot;:&amp;quot;//*[@class=&amp;quot;inbox-attach-page&amp;quot;]/div[3]/div[3]/div&amp;quot;}
  (Session info: chrome=76.0.3809.132)
  (Driver info: chromedriver=2.44.609538 (b655c5a60b0b544917107a59d4153d4bf78e1b90),platform=Windows NT 10.0.17763 x86_64) (WARNING: The server did not provide any stacktrace information)
Command duration or timeout: 0 milliseconds
For documentation on this error, please visit: https://www.seleniumhq.org/exceptions/no_such_element.html
Build info: version: &amp;apos;3.141.59&amp;apos;, revision: &amp;apos;e82be7d358&amp;apos;, time: &amp;apos;2018-11-14T08:17:03&amp;apos;
System info: host: &amp;apos;DESKTOP-MQ1PM19&amp;apos;, ip: &amp;apos;192.168.1.67&amp;apos;, os.name: &amp;apos;Windows 10&amp;apos;, os.arch: &amp;apos;amd64&amp;apos;, os.version: &amp;apos;10.0&amp;apos;, java.version: &amp;apos;1.8.0_201&amp;apos;
Driver info: org.openqa.selenium.chrome.ChromeDriver
Capabilities {acceptInsecureCerts: false, acceptSslCerts: false, applicationCacheEnabled: false, browserConnectionEnabled: false, browserName: chrome, chrome: {chromedriverVersion: 2.44.609538 (b655c5a60b0b54..., userDataDir: C:\Users\hp\AppData\Local\T...}, cssSelectorsEnabled: true, databaseEnabled: false, goog:chromeOptions: {debuggerAddress: localhost:63340}, handlesAlerts: true, hasTouchScreen: false, javascriptEnabled: true, locationContextEnabled: true, mobileEmulationEnabled: false, nativeEvents: true, networkConnectionEnabled: false, pageLoadStrategy: normal, platform: XP, platformName: XP, rotatable: false, setWindowRect: true, takesHeapSnapshot: true, takesScreenshot: true, unexpectedAlertBehaviour: ignore, unhandledPromptBehavior: ignore, version: 76.0.3809.132, webStorageEnabled: true}
Session ID: 722fc2322d604d778069d06db38df2ae
*** Element info: {Using=xpath, value=//*[@class=&amp;quot;inbox-attach-page&amp;quot;]/div[3]/div[3]/div}">
      <![CDATA[java.lang.AssertionError: no such element: Unable to locate element: {"method":"xpath","selector":"//*[@class="inbox-attach-page"]/div[3]/div[3]/div"}
  (Session info: chrome=76.0.3809.132)
  (Driver info: chromedriver=2.44.609538 (b655c5a60b0b544917107a59d4153d4bf78e1b90),platform=Windows NT 10.0.17763 x86_64) (WARNING: The server did not provide any stacktrace information)
Command duration or timeout: 0 milliseconds
For documentation on this error, please visit: https://www.seleniumhq.org/exceptions/no_such_element.html
Build info: version: '3.141.59', revision: 'e82be7d358', time: '2018-11-14T08:17:03'
System info: host: 'DESKTOP-MQ1PM19', ip: '192.168.1.67', os.name: 'Windows 10', os.arch: 'amd64', os.version: '10.0', java.version: '1.8.0_201'
Driver info: org.openqa.selenium.chrome.ChromeDriver
Capabilities {acceptInsecureCerts: false, acceptSslCerts: false, applicationCacheEnabled: false, browserConnectionEnabled: false, browserName: chrome, chrome: {chromedriverVersion: 2.44.609538 (b655c5a60b0b54..., userDataDir: C:\Users\hp\AppData\Local\T...}, cssSelectorsEnabled: true, databaseEnabled: false, goog:chromeOptions: {debuggerAddress: localhost:63340}, handlesAlerts: true, hasTouchScreen: false, javascriptEnabled: true, locationContextEnabled: true, mobileEmulationEnabled: false, nativeEvents: true, networkConnectionEnabled: false, pageLoadStrategy: normal, platform: XP, platformName: XP, rotatable: false, setWindowRect: true, takesHeapSnapshot: true, takesScreenshot: true, unexpectedAlertBehaviour: ignore, unhandledPromptBehavior: ignore, version: 76.0.3809.132, webStorageEnabled: true}
Session ID: 722fc2322d604d778069d06db38df2ae
*** Element info: {Using=xpath, value=//*[@class="inbox-attach-page"]/div[3]/div[3]/div}
	at com.selenium.mindmatrix.project.base.BaseTest.reportFail(BaseTest.java:327)
	at com.selenium.mindmatrix.project.base.BaseTest.getElement(BaseTest.java:253)
	at com.selenium.mindmatrix.project.UserManagement.TestOrganizationGroup.TestOrganizationGroupCreation13_1(TestOrganizationGroup.java:444)
... Removed 24 stack frames]]>
    </failure>
  </testcase> <!-- TestOrganizationGroupCreation13_1 -->
  <testcase name="testorganization" time="276.434" classname="com.selenium.mindmatrix.project.UserManagement.TestOrganization"/>
</testsuite> <!-- UserManagement -->
