<?xml version="1.0" encoding="UTF-8"?>
<!-- Generated by org.testng.reporters.JUnitXMLReporter -->
<testsuite hostname="DESKTOP-MQ1PM19" name="CriticalFunctionalityCheck(failed)" tests="4" failures="1" timestamp="17 Mar 2020 05:58:20 GMT" time="32.773" errors="0">
  <testcase name="TestTC1" time="0.004" classname="com.selenium.mindmatrix.project.CriticalFunctionalityCheck.TC1TestwithinvaliduserIDandinvalidpassword">
    <skipped/>
  </testcase> <!-- TestTC1 -->
  <testcase name="TestTC5" time="0.001" classname="com.selenium.mindmatrix.project.CriticalFunctionalityCheck.TC5Testfordefaultaswellastemplateatwelcomepage">
    <skipped/>
  </testcase> <!-- TestTC5 -->
  <testcase name="TestTC3" time="31.482" classname="com.selenium.mindmatrix.project.CriticalFunctionalityCheck.TC3Testfordefaultdashboardbanner">
    <failure type="java.lang.AssertionError" message="WebElement &amp;apos;username&amp;apos; is not found.">
      <![CDATA[java.lang.AssertionError: WebElement 'username' is not found.
	at com.selenium.mindmatrix.project.base.BaseTest.reportFail(BaseTest.java:404)
	at com.selenium.mindmatrix.project.base.BaseTest.waitForElementforreportfail(BaseTest.java:288)
	at com.selenium.mindmatrix.project.CriticalFunctionalityCheck.TC3Testfordefaultdashboardbanner.TestTC3(TC3Testfordefaultdashboardbanner.java:97)
... Removed 25 stack frames]]>
    </failure>
  </testcase> <!-- TestTC3 -->
  <testcase name="TestTC4" time="0.001" classname="com.selenium.mindmatrix.project.CriticalFunctionalityCheck.TC4Testfortemplatedashboardbanner">
    <skipped/>
  </testcase> <!-- TestTC4 -->
</testsuite> <!-- CriticalFunctionalityCheck(failed) -->
