<html>
<head>
<title>TestNG:  CriticalFunctionalityCheck</title>
<link href="../testng.css" rel="stylesheet" type="text/css" />
<link href="../my-testng.css" rel="stylesheet" type="text/css" />

<style type="text/css">
.log { display: none;} 
.stack-trace { display: none;} 
</style>
<script type="text/javascript">
<!--
function flip(e) {
  current = e.style.display;
  if (current == 'block') {
    e.style.display = 'none';
    return 0;
  }
  else {
    e.style.display = 'block';
    return 1;
  }
}

function toggleBox(szDivId, elem, msg1, msg2)
{
  var res = -1;  if (document.getElementById) {
    res = flip(document.getElementById(szDivId));
  }
  else if (document.all) {
    // this is the way old msie versions work
    res = flip(document.all[szDivId]);
  }
  if(elem) {
    if(res == 0) elem.innerHTML = msg1; else elem.innerHTML = msg2;
  }

}

function toggleAllBoxes() {
  if (document.getElementsByTagName) {
    d = document.getElementsByTagName('div');
    for (i = 0; i < d.length; i++) {
      if (d[i].className == 'log') {
        flip(d[i]);
      }
    }
  }
}

// -->
</script>

</head>
<body>
<h2 align='center'>CriticalFunctionalityCheck</h2><table border='1' align="center">
<tr>
<td>Tests passed/Failed/Skipped:</td><td>9/3/0</td>
</tr><tr>
<td>Started on:</td><td>Wed Jun 03 11:57:04 IST 2020</td>
</tr>
<tr><td>Total time:</td><td>837 seconds (837933 ms)</td>
</tr><tr>
<td>Included groups:</td><td></td>
</tr><tr>
<td>Excluded groups:</td><td></td>
</tr>
</table><p/>
<small><i>(Hover the method name to see the test class name)</i></small><p/>
<table width='100%' border='1' class='invocation-failed'>
<tr><td colspan='4' align='center'><b>FAILED TESTS</b></td></tr>
<tr><td><b>Test method</b></td>
<td width="30%"><b>Exception</b></td>
<td width="10%"><b>Time (seconds)</b></td>
<td><b>Instance</b></td>
</tr>
<tr>
<td title='com.selenium.mindmatrix.project.CriticalFunctionalityCheck.TC11Organizationgroupmodule.TestTC11()'><b>TestTC11</b><br>Test class: com.selenium.mindmatrix.project.CriticalFunctionalityCheck.TC11Organizationgroupmodule<br>Parameters: {URL=https://dvl-master.amp.vg, User's emailID=munish@mailinator.com}</td>
<td><div><pre>java.lang.AssertionError: no such element: Unable to locate element: {&quot;method&quot;:&quot;xpath&quot;,&quot;selector&quot;:&quot;//div[contains(text(),&apos;pkumar@vectre.net&apos;)]&quot;}
  (Session info: chrome=83.0.4103.61)
  (Driver info: chromedriver=2.44.609538 (b655c5a60b0b544917107a59d4153d4bf78e1b90),platform=Windows NT 10.0.18362 x86_64) (WARNING: The server did not provide any stacktrace information)
Command duration or timeout: 0 milliseconds
For documentation on this error, please visit: https://www.seleniumhq.org/exceptions/no_such_element.html
Build info: version: &apos;3.141.59&apos;, revision: &apos;e82be7d358&apos;, time: &apos;2018-11-14T08:17:03&apos;
System info: host: &apos;DESKTOP-FSL8CGI&apos;, ip: &apos;192.168.1.5&apos;, os.name: &apos;Windows 10&apos;, os.arch: &apos;amd64&apos;, os.version: &apos;10.0&apos;, java.version: &apos;1.8.0_241&apos;
Driver info: org.openqa.selenium.chrome.ChromeDriver
Capabilities {acceptInsecureCerts: false, acceptSslCerts: false, applicationCacheEnabled: false, browserConnectionEnabled: false, browserName: chrome, chrome: {chromedriverVersion: 2.44.609538 (b655c5a60b0b54..., userDataDir: C:\Users\PARVAT~1\AppData\L...}, cssSelectorsEnabled: true, databaseEnabled: false, goog:chromeOptions: {debuggerAddress: localhost:62393}, handlesAlerts: true, hasTouchScreen: false, javascriptEnabled: true, locationContextEnabled: true, mobileEmulationEnabled: false, nativeEvents: true, networkConnectionEnabled: false, pageLoadStrategy: normal, platform: XP, platformName: XP, rotatable: false, setWindowRect: true, takesHeapSnapshot: true, takesScreenshot: true, unexpectedAlertBehaviour: ignore, unhandledPromptBehavior: ignore, version: 83.0.4103.61, webStorageEnabled: true}
Session ID: 52b4c6d284747021d66a5d61172f5f5c
*** Element info: {Using=xpath, value=//div[contains(text(),&apos;pkumar@vectre.net&apos;)]}
	at com.selenium.mindmatrix.project.base.BaseTest.reportFail(BaseTest.java:394)
	at com.selenium.mindmatrix.project.base.BaseTest.getElement(BaseTest.java:314)
	at com.selenium.mindmatrix.project.CriticalFunctionalityCheck.TC11Organizationgroupmodule.dvlmaster(TC11Organizationgroupmodule.java:311)
	at com.selenium.mindmatrix.project.CriticalFunctionalityCheck.TC11Organizationgroupmodule.TestTC11(TC11Organizationgroupmodule.java:53)
	at java.util.concurrent.ThreadPoolExecutor.runWorker(Unknown Source)
	at java.util.concurrent.ThreadPoolExecutor$Worker.run(Unknown Source)
	at java.lang.Thread.run(Unknown Source)
... Removed 11 stack frames</pre></div><a href='#' onClick='toggleBox("stack-trace1117971070", this, "Click to show all stack frames", "Click to hide stack frames")'>Click to show all stack frames</a>
<div class='stack-trace' id='stack-trace1117971070'><pre>java.lang.AssertionError: no such element: Unable to locate element: {&quot;method&quot;:&quot;xpath&quot;,&quot;selector&quot;:&quot;//div[contains(text(),&apos;pkumar@vectre.net&apos;)]&quot;}
  (Session info: chrome=83.0.4103.61)
  (Driver info: chromedriver=2.44.609538 (b655c5a60b0b544917107a59d4153d4bf78e1b90),platform=Windows NT 10.0.18362 x86_64) (WARNING: The server did not provide any stacktrace information)
Command duration or timeout: 0 milliseconds
For documentation on this error, please visit: https://www.seleniumhq.org/exceptions/no_such_element.html
Build info: version: &apos;3.141.59&apos;, revision: &apos;e82be7d358&apos;, time: &apos;2018-11-14T08:17:03&apos;
System info: host: &apos;DESKTOP-FSL8CGI&apos;, ip: &apos;192.168.1.5&apos;, os.name: &apos;Windows 10&apos;, os.arch: &apos;amd64&apos;, os.version: &apos;10.0&apos;, java.version: &apos;1.8.0_241&apos;
Driver info: org.openqa.selenium.chrome.ChromeDriver
Capabilities {acceptInsecureCerts: false, acceptSslCerts: false, applicationCacheEnabled: false, browserConnectionEnabled: false, browserName: chrome, chrome: {chromedriverVersion: 2.44.609538 (b655c5a60b0b54..., userDataDir: C:\Users\PARVAT~1\AppData\L...}, cssSelectorsEnabled: true, databaseEnabled: false, goog:chromeOptions: {debuggerAddress: localhost:62393}, handlesAlerts: true, hasTouchScreen: false, javascriptEnabled: true, locationContextEnabled: true, mobileEmulationEnabled: false, nativeEvents: true, networkConnectionEnabled: false, pageLoadStrategy: normal, platform: XP, platformName: XP, rotatable: false, setWindowRect: true, takesHeapSnapshot: true, takesScreenshot: true, unexpectedAlertBehaviour: ignore, unhandledPromptBehavior: ignore, version: 83.0.4103.61, webStorageEnabled: true}
Session ID: 52b4c6d284747021d66a5d61172f5f5c
*** Element info: {Using=xpath, value=//div[contains(text(),&apos;pkumar@vectre.net&apos;)]}
	at org.testng.Assert.fail(Assert.java:94)
	at com.selenium.mindmatrix.project.base.BaseTest.reportFail(BaseTest.java:394)
	at com.selenium.mindmatrix.project.base.BaseTest.getElement(BaseTest.java:314)
	at com.selenium.mindmatrix.project.CriticalFunctionalityCheck.TC11Organizationgroupmodule.dvlmaster(TC11Organizationgroupmodule.java:311)
	at com.selenium.mindmatrix.project.CriticalFunctionalityCheck.TC11Organizationgroupmodule.TestTC11(TC11Organizationgroupmodule.java:53)
	at sun.reflect.NativeMethodAccessorImpl.invoke0(Native Method)
	at sun.reflect.NativeMethodAccessorImpl.invoke(Unknown Source)
	at sun.reflect.DelegatingMethodAccessorImpl.invoke(Unknown Source)
	at java.lang.reflect.Method.invoke(Unknown Source)
	at org.testng.internal.MethodInvocationHelper.invokeMethod(MethodInvocationHelper.java:85)
	at org.testng.internal.Invoker.invokeMethod(Invoker.java:639)
	at org.testng.internal.Invoker.invokeTestMethod(Invoker.java:821)
	at org.testng.internal.Invoker.invokeTestMethods(Invoker.java:1131)
	at org.testng.internal.TestMethodWorker.invokeTestMethods(TestMethodWorker.java:124)
	at org.testng.internal.TestMethodWorker.run(TestMethodWorker.java:108)
	at java.util.concurrent.ThreadPoolExecutor.runWorker(Unknown Source)
	at java.util.concurrent.ThreadPoolExecutor$Worker.run(Unknown Source)
	at java.lang.Thread.run(Unknown Source)
</pre></div></td>
<td>229</td>
<td>com.selenium.mindmatrix.project.CriticalFunctionalityCheck.TC11Organizationgroupmodule@4671e53b</td></tr>
<tr>
<td title='com.selenium.mindmatrix.project.CriticalFunctionalityCheck.TC4Testfortemplatedashboardbanner.TestTC4()'><b>TestTC4</b><br>Test class: com.selenium.mindmatrix.project.CriticalFunctionalityCheck.TC4Testfortemplatedashboardbanner<br>Parameters: {URL=https://dvl-master.amp.vg, User's emailID=munish@mailinator.com}</td>
<td><div><pre>java.lang.AssertionError: Dashboard banner is not appearing.
	at com.selenium.mindmatrix.project.base.BaseTest.reportFail(BaseTest.java:394)
	at com.selenium.mindmatrix.project.CriticalFunctionalityCheck.TC4Testfortemplatedashboardbanner.master(TC4Testfortemplatedashboardbanner.java:552)
	at com.selenium.mindmatrix.project.CriticalFunctionalityCheck.TC4Testfortemplatedashboardbanner.TestTC4(TC4Testfortemplatedashboardbanner.java:47)
	at java.util.concurrent.ThreadPoolExecutor.runWorker(Unknown Source)
	at java.util.concurrent.ThreadPoolExecutor$Worker.run(Unknown Source)
	at java.lang.Thread.run(Unknown Source)
... Removed 11 stack frames</pre></div><a href='#' onClick='toggleBox("stack-trace1041746952", this, "Click to show all stack frames", "Click to hide stack frames")'>Click to show all stack frames</a>
<div class='stack-trace' id='stack-trace1041746952'><pre>java.lang.AssertionError: Dashboard banner is not appearing.
	at org.testng.Assert.fail(Assert.java:94)
	at com.selenium.mindmatrix.project.base.BaseTest.reportFail(BaseTest.java:394)
	at com.selenium.mindmatrix.project.CriticalFunctionalityCheck.TC4Testfortemplatedashboardbanner.master(TC4Testfortemplatedashboardbanner.java:552)
	at com.selenium.mindmatrix.project.CriticalFunctionalityCheck.TC4Testfortemplatedashboardbanner.TestTC4(TC4Testfortemplatedashboardbanner.java:47)
	at sun.reflect.NativeMethodAccessorImpl.invoke0(Native Method)
	at sun.reflect.NativeMethodAccessorImpl.invoke(Unknown Source)
	at sun.reflect.DelegatingMethodAccessorImpl.invoke(Unknown Source)
	at java.lang.reflect.Method.invoke(Unknown Source)
	at org.testng.internal.MethodInvocationHelper.invokeMethod(MethodInvocationHelper.java:85)
	at org.testng.internal.Invoker.invokeMethod(Invoker.java:639)
	at org.testng.internal.Invoker.invokeTestMethod(Invoker.java:821)
	at org.testng.internal.Invoker.invokeTestMethods(Invoker.java:1131)
	at org.testng.internal.TestMethodWorker.invokeTestMethods(TestMethodWorker.java:124)
	at org.testng.internal.TestMethodWorker.run(TestMethodWorker.java:108)
	at java.util.concurrent.ThreadPoolExecutor.runWorker(Unknown Source)
	at java.util.concurrent.ThreadPoolExecutor$Worker.run(Unknown Source)
	at java.lang.Thread.run(Unknown Source)
</pre></div></td>
<td>140</td>
<td>com.selenium.mindmatrix.project.CriticalFunctionalityCheck.TC4Testfortemplatedashboardbanner@462d5aee</td></tr>
<tr>
<td title='com.selenium.mindmatrix.project.CriticalFunctionalityCheck.TC9Usergroupmodule.TestTC9()'><b>TestTC9</b><br>Test class: com.selenium.mindmatrix.project.CriticalFunctionalityCheck.TC9Usergroupmodule<br>Parameters: {URL=https://dvl-master.amp.vg, User's emailID=munish@mailinator.com}</td>
<td><div><pre>java.lang.AssertionError: no such element: Unable to locate element: {&quot;method&quot;:&quot;xpath&quot;,&quot;selector&quot;:&quot;//div[contains(text(),&apos;pkumar@vectre.net&apos;)]&quot;}
  (Session info: chrome=83.0.4103.61)
  (Driver info: chromedriver=2.44.609538 (b655c5a60b0b544917107a59d4153d4bf78e1b90),platform=Windows NT 10.0.18362 x86_64) (WARNING: The server did not provide any stacktrace information)
Command duration or timeout: 0 milliseconds
For documentation on this error, please visit: https://www.seleniumhq.org/exceptions/no_such_element.html
Build info: version: &apos;3.141.59&apos;, revision: &apos;e82be7d358&apos;, time: &apos;2018-11-14T08:17:03&apos;
System info: host: &apos;DESKTOP-FSL8CGI&apos;, ip: &apos;192.168.1.5&apos;, os.name: &apos;Windows 10&apos;, os.arch: &apos;amd64&apos;, os.version: &apos;10.0&apos;, java.version: &apos;1.8.0_241&apos;
Driver info: org.openqa.selenium.chrome.ChromeDriver
Capabilities {acceptInsecureCerts: false, acceptSslCerts: false, applicationCacheEnabled: false, browserConnectionEnabled: false, browserName: chrome, chrome: {chromedriverVersion: 2.44.609538 (b655c5a60b0b54..., userDataDir: C:\Users\PARVAT~1\AppData\L...}, cssSelectorsEnabled: true, databaseEnabled: false, goog:chromeOptions: {debuggerAddress: localhost:62312}, handlesAlerts: true, hasTouchScreen: false, javascriptEnabled: true, locationContextEnabled: true, mobileEmulationEnabled: false, nativeEvents: true, networkConnectionEnabled: false, pageLoadStrategy: normal, platform: XP, platformName: XP, rotatable: false, setWindowRect: true, takesHeapSnapshot: true, takesScreenshot: true, unexpectedAlertBehaviour: ignore, unhandledPromptBehavior: ignore, version: 83.0.4103.61, webStorageEnabled: true}
Session ID: 5d6931316d45366bf64c77364e6dbc1e
*** Element info: {Using=xpath, value=//div[contains(text(),&apos;pkumar@vectre.net&apos;)]}
	at com.selenium.mindmatrix.project.base.BaseTest.reportFail(BaseTest.java:394)
	at com.selenium.mindmatrix.project.base.BaseTest.getElement(BaseTest.java:314)
	at com.selenium.mindmatrix.project.CriticalFunctionalityCheck.TC9Usergroupmodule.TestTC9(TC9Usergroupmodule.java:109)
	at java.util.concurrent.ThreadPoolExecutor.runWorker(Unknown Source)
	at java.util.concurrent.ThreadPoolExecutor$Worker.run(Unknown Source)
	at java.lang.Thread.run(Unknown Source)
... Removed 11 stack frames</pre></div><a href='#' onClick='toggleBox("stack-trace1443793914", this, "Click to show all stack frames", "Click to hide stack frames")'>Click to show all stack frames</a>
<div class='stack-trace' id='stack-trace1443793914'><pre>java.lang.AssertionError: no such element: Unable to locate element: {&quot;method&quot;:&quot;xpath&quot;,&quot;selector&quot;:&quot;//div[contains(text(),&apos;pkumar@vectre.net&apos;)]&quot;}
  (Session info: chrome=83.0.4103.61)
  (Driver info: chromedriver=2.44.609538 (b655c5a60b0b544917107a59d4153d4bf78e1b90),platform=Windows NT 10.0.18362 x86_64) (WARNING: The server did not provide any stacktrace information)
Command duration or timeout: 0 milliseconds
For documentation on this error, please visit: https://www.seleniumhq.org/exceptions/no_such_element.html
Build info: version: &apos;3.141.59&apos;, revision: &apos;e82be7d358&apos;, time: &apos;2018-11-14T08:17:03&apos;
System info: host: &apos;DESKTOP-FSL8CGI&apos;, ip: &apos;192.168.1.5&apos;, os.name: &apos;Windows 10&apos;, os.arch: &apos;amd64&apos;, os.version: &apos;10.0&apos;, java.version: &apos;1.8.0_241&apos;
Driver info: org.openqa.selenium.chrome.ChromeDriver
Capabilities {acceptInsecureCerts: false, acceptSslCerts: false, applicationCacheEnabled: false, browserConnectionEnabled: false, browserName: chrome, chrome: {chromedriverVersion: 2.44.609538 (b655c5a60b0b54..., userDataDir: C:\Users\PARVAT~1\AppData\L...}, cssSelectorsEnabled: true, databaseEnabled: false, goog:chromeOptions: {debuggerAddress: localhost:62312}, handlesAlerts: true, hasTouchScreen: false, javascriptEnabled: true, locationContextEnabled: true, mobileEmulationEnabled: false, nativeEvents: true, networkConnectionEnabled: false, pageLoadStrategy: normal, platform: XP, platformName: XP, rotatable: false, setWindowRect: true, takesHeapSnapshot: true, takesScreenshot: true, unexpectedAlertBehaviour: ignore, unhandledPromptBehavior: ignore, version: 83.0.4103.61, webStorageEnabled: true}
Session ID: 5d6931316d45366bf64c77364e6dbc1e
*** Element info: {Using=xpath, value=//div[contains(text(),&apos;pkumar@vectre.net&apos;)]}
	at org.testng.Assert.fail(Assert.java:94)
	at com.selenium.mindmatrix.project.base.BaseTest.reportFail(BaseTest.java:394)
	at com.selenium.mindmatrix.project.base.BaseTest.getElement(BaseTest.java:314)
	at com.selenium.mindmatrix.project.CriticalFunctionalityCheck.TC9Usergroupmodule.TestTC9(TC9Usergroupmodule.java:109)
	at sun.reflect.NativeMethodAccessorImpl.invoke0(Native Method)
	at sun.reflect.NativeMethodAccessorImpl.invoke(Unknown Source)
	at sun.reflect.DelegatingMethodAccessorImpl.invoke(Unknown Source)
	at java.lang.reflect.Method.invoke(Unknown Source)
	at org.testng.internal.MethodInvocationHelper.invokeMethod(MethodInvocationHelper.java:85)
	at org.testng.internal.Invoker.invokeMethod(Invoker.java:639)
	at org.testng.internal.Invoker.invokeTestMethod(Invoker.java:821)
	at org.testng.internal.Invoker.invokeTestMethods(Invoker.java:1131)
	at org.testng.internal.TestMethodWorker.invokeTestMethods(TestMethodWorker.java:124)
	at org.testng.internal.TestMethodWorker.run(TestMethodWorker.java:108)
	at java.util.concurrent.ThreadPoolExecutor.runWorker(Unknown Source)
	at java.util.concurrent.ThreadPoolExecutor$Worker.run(Unknown Source)
	at java.lang.Thread.run(Unknown Source)
</pre></div></td>
<td>226</td>
<td>com.selenium.mindmatrix.project.CriticalFunctionalityCheck.TC9Usergroupmodule@8646db9</td></tr>
</table><p>
<table width='100%' border='1' class='invocation-passed'>
<tr><td colspan='4' align='center'><b>PASSED TESTS</b></td></tr>
<tr><td><b>Test method</b></td>
<td width="30%"><b>Exception</b></td>
<td width="10%"><b>Time (seconds)</b></td>
<td><b>Instance</b></td>
</tr>
<tr>
<td title='com.selenium.mindmatrix.project.CriticalFunctionalityCheck.TC1TestwithinvaliduserIDandinvalidpassword.TestTC1()'><b>TestTC1</b><br>Test class: com.selenium.mindmatrix.project.CriticalFunctionalityCheck.TC1TestwithinvaliduserIDandinvalidpassword<br>Parameters: {URL=https://dvl-master.amp.vg, User's emailID=munish@mailinator.com}</td>
<td></td>
<td>34</td>
<td>com.selenium.mindmatrix.project.CriticalFunctionalityCheck.TC1TestwithinvaliduserIDandinvalidpassword@3aeaafa6</td></tr>
<tr>
<td title='com.selenium.mindmatrix.project.CriticalFunctionalityCheck.TC2TestwithvaliduserIDandvalidpassword.TestTC2()'><b>TestTC2</b><br>Test class: com.selenium.mindmatrix.project.CriticalFunctionalityCheck.TC2TestwithvaliduserIDandvalidpassword<br>Parameters: {URL=https://dvl-master.amp.vg, User's emailID=munish@mailinator.com}</td>
<td></td>
<td>108</td>
<td>com.selenium.mindmatrix.project.CriticalFunctionalityCheck.TC2TestwithvaliduserIDandvalidpassword@74ad1f1f</td></tr>
<tr>
<td title='com.selenium.mindmatrix.project.CriticalFunctionalityCheck.TC7Companiesmodule.TestTC2()'><b>TestTC2</b><br>Test class: com.selenium.mindmatrix.project.CriticalFunctionalityCheck.TC7Companiesmodule<br>Parameters: {URL=https://dvl-master.amp.vg, User's emailID=munish@mailinator.com}</td>
<td></td>
<td>97</td>
<td>com.selenium.mindmatrix.project.CriticalFunctionalityCheck.TC7Companiesmodule@4a87761d</td></tr>
<tr>
<td title='com.selenium.mindmatrix.project.CriticalFunctionalityCheck.TC8Opportunitymodule.TestTC2()'><b>TestTC2</b><br>Test class: com.selenium.mindmatrix.project.CriticalFunctionalityCheck.TC8Opportunitymodule<br>Parameters: {URL=https://dvl-master.amp.vg, User's emailID=munish@mailinator.com}</td>
<td></td>
<td>99</td>
<td>com.selenium.mindmatrix.project.CriticalFunctionalityCheck.TC8Opportunitymodule@66d1af89</td></tr>
<tr>
<td title='com.selenium.mindmatrix.project.CriticalFunctionalityCheck.TC10Usermodule.TestTC2()'><b>TestTC2</b><br>Test class: com.selenium.mindmatrix.project.CriticalFunctionalityCheck.TC10Usermodule<br>Parameters: {URL=https://dvl-master.amp.vg, User's emailID=munish@mailinator.com}</td>
<td></td>
<td>107</td>
<td>com.selenium.mindmatrix.project.CriticalFunctionalityCheck.TC10Usermodule@37374a5e</td></tr>
<tr>
<td title='com.selenium.mindmatrix.project.CriticalFunctionalityCheck.TC12Organizationmodule.TestTC2()'><b>TestTC2</b><br>Test class: com.selenium.mindmatrix.project.CriticalFunctionalityCheck.TC12Organizationmodule<br>Parameters: {URL=https://dvl-master.amp.vg, User's emailID=munish@mailinator.com}</td>
<td></td>
<td>113</td>
<td>com.selenium.mindmatrix.project.CriticalFunctionalityCheck.TC12Organizationmodule@2db7a79b</td></tr>
<tr>
<td title='com.selenium.mindmatrix.project.CriticalFunctionalityCheck.TC3Testfordefaultdashboardbanner.TestTC3()'><b>TestTC3</b><br>Test class: com.selenium.mindmatrix.project.CriticalFunctionalityCheck.TC3Testfordefaultdashboardbanner<br>Parameters: {URL=https://dvl-master.amp.vg, User's emailID=munish@mailinator.com}</td>
<td></td>
<td>143</td>
<td>com.selenium.mindmatrix.project.CriticalFunctionalityCheck.TC3Testfordefaultdashboardbanner@6a1aab78</td></tr>
<tr>
<td title='com.selenium.mindmatrix.project.CriticalFunctionalityCheck.TC5Testfordefaultaswellastemplateatwelcomepage.TestTC5()'><b>TestTC5</b><br>Test class: com.selenium.mindmatrix.project.CriticalFunctionalityCheck.TC5Testfordefaultaswellastemplateatwelcomepage<br>Parameters: {URL=https://dvl-master.amp.vg, User's emailID=munish@mailinator.com}</td>
<td></td>
<td>215</td>
<td>com.selenium.mindmatrix.project.CriticalFunctionalityCheck.TC5Testfordefaultaswellastemplateatwelcomepage@69b0fd6f</td></tr>
<tr>
<td title='com.selenium.mindmatrix.project.CriticalFunctionalityCheck.TC6Testforcontactcreationeditdelete.TestTC6()'><b>TestTC6</b><br>Test class: com.selenium.mindmatrix.project.CriticalFunctionalityCheck.TC6Testforcontactcreationeditdelete<br>Parameters: {URL=https://dvl-master.amp.vg, User's emailID=munish@mailinator.com}</td>
<td></td>
<td>112</td>
<td>com.selenium.mindmatrix.project.CriticalFunctionalityCheck.TC6Testforcontactcreationeditdelete@757942a1</td></tr>
</table><p>
</body>
</html>