<?xml version="1.0" encoding="UTF-8"?>
<!-- Generated by org.testng.reporters.JUnitXMLReporter -->
<testsuite hostname="DESKTOP-FSL8CGI" name="CriticalFunctionalityCheck" tests="12" failures="3" timestamp="3 Jun 2020 06:41:02 GMT" time="837.933" errors="0">
  <testcase name="TestTC1" time="34.585" classname="com.selenium.mindmatrix.project.CriticalFunctionalityCheck.TC1TestwithinvaliduserIDandinvalidpassword"/>
  <testcase name="TestTC2" time="108.215" classname="com.selenium.mindmatrix.project.CriticalFunctionalityCheck.TC2TestwithvaliduserIDandvalidpassword"/>
  <testcase name="TestTC3" time="143.307" classname="com.selenium.mindmatrix.project.CriticalFunctionalityCheck.TC3Testfordefaultdashboardbanner"/>
  <testcase name="TestTC4" time="140.69" classname="com.selenium.mindmatrix.project.CriticalFunctionalityCheck.TC4Testfortemplatedashboardbanner">
    <failure type="java.lang.AssertionError" message="Dashboard banner is not appearing.">
      <![CDATA[java.lang.AssertionError: Dashboard banner is not appearing.
	at com.selenium.mindmatrix.project.base.BaseTest.reportFail(BaseTest.java:394)
	at com.selenium.mindmatrix.project.CriticalFunctionalityCheck.TC4Testfortemplatedashboardbanner.master(TC4Testfortemplatedashboardbanner.java:552)
	at com.selenium.mindmatrix.project.CriticalFunctionalityCheck.TC4Testfortemplatedashboardbanner.TestTC4(TC4Testfortemplatedashboardbanner.java:47)
	at java.util.concurrent.ThreadPoolExecutor.runWorker(Unknown Source)
	at java.util.concurrent.ThreadPoolExecutor$Worker.run(Unknown Source)
	at java.lang.Thread.run(Unknown Source)
... Removed 11 stack frames]]>
    </failure>
  </testcase> <!-- TestTC4 -->
  <testcase name="TestTC6" time="112.032" classname="com.selenium.mindmatrix.project.CriticalFunctionalityCheck.TC6Testforcontactcreationeditdelete"/>
  <testcase name="TestTC5" time="215.015" classname="com.selenium.mindmatrix.project.CriticalFunctionalityCheck.TC5Testfordefaultaswellastemplateatwelcomepage"/>
  <testcase name="TestTC2" time="97.559" classname="com.selenium.mindmatrix.project.CriticalFunctionalityCheck.TC7Companiesmodule"/>
  <testcase name="TestTC2" time="99.203" classname="com.selenium.mindmatrix.project.CriticalFunctionalityCheck.TC8Opportunitymodule"/>
  <testcase name="TestTC2" time="107.168" classname="com.selenium.mindmatrix.project.CriticalFunctionalityCheck.TC10Usermodule"/>
  <testcase name="TestTC9" time="226.354" classname="com.selenium.mindmatrix.project.CriticalFunctionalityCheck.TC9Usergroupmodule">
    <failure type="java.lang.AssertionError" message="no such element: Unable to locate element: {&amp;quot;method&amp;quot;:&amp;quot;xpath&amp;quot;,&amp;quot;selector&amp;quot;:&amp;quot;//div[contains(text(),&amp;apos;pkumar@vectre.net&amp;apos;)]&amp;quot;}
  (Session info: chrome=83.0.4103.61)
  (Driver info: chromedriver=2.44.609538 (b655c5a60b0b544917107a59d4153d4bf78e1b90),platform=Windows NT 10.0.18362 x86_64) (WARNING: The server did not provide any stacktrace information)
Command duration or timeout: 0 milliseconds
For documentation on this error, please visit: https://www.seleniumhq.org/exceptions/no_such_element.html
Build info: version: &amp;apos;3.141.59&amp;apos;, revision: &amp;apos;e82be7d358&amp;apos;, time: &amp;apos;2018-11-14T08:17:03&amp;apos;
System info: host: &amp;apos;DESKTOP-FSL8CGI&amp;apos;, ip: &amp;apos;192.168.1.5&amp;apos;, os.name: &amp;apos;Windows 10&amp;apos;, os.arch: &amp;apos;amd64&amp;apos;, os.version: &amp;apos;10.0&amp;apos;, java.version: &amp;apos;1.8.0_241&amp;apos;
Driver info: org.openqa.selenium.chrome.ChromeDriver
Capabilities {acceptInsecureCerts: false, acceptSslCerts: false, applicationCacheEnabled: false, browserConnectionEnabled: false, browserName: chrome, chrome: {chromedriverVersion: 2.44.609538 (b655c5a60b0b54..., userDataDir: C:\Users\PARVAT~1\AppData\L...}, cssSelectorsEnabled: true, databaseEnabled: false, goog:chromeOptions: {debuggerAddress: localhost:62312}, handlesAlerts: true, hasTouchScreen: false, javascriptEnabled: true, locationContextEnabled: true, mobileEmulationEnabled: false, nativeEvents: true, networkConnectionEnabled: false, pageLoadStrategy: normal, platform: XP, platformName: XP, rotatable: false, setWindowRect: true, takesHeapSnapshot: true, takesScreenshot: true, unexpectedAlertBehaviour: ignore, unhandledPromptBehavior: ignore, version: 83.0.4103.61, webStorageEnabled: true}
Session ID: 5d6931316d45366bf64c77364e6dbc1e
*** Element info: {Using=xpath, value=//div[contains(text(),&amp;apos;pkumar@vectre.net&amp;apos;)]}">
      <![CDATA[java.lang.AssertionError: no such element: Unable to locate element: {"method":"xpath","selector":"//div[contains(text(),'pkumar@vectre.net')]"}
  (Session info: chrome=83.0.4103.61)
  (Driver info: chromedriver=2.44.609538 (b655c5a60b0b544917107a59d4153d4bf78e1b90),platform=Windows NT 10.0.18362 x86_64) (WARNING: The server did not provide any stacktrace information)
Command duration or timeout: 0 milliseconds
For documentation on this error, please visit: https://www.seleniumhq.org/exceptions/no_such_element.html
Build info: version: '3.141.59', revision: 'e82be7d358', time: '2018-11-14T08:17:03'
System info: host: 'DESKTOP-FSL8CGI', ip: '192.168.1.5', os.name: 'Windows 10', os.arch: 'amd64', os.version: '10.0', java.version: '1.8.0_241'
Driver info: org.openqa.selenium.chrome.ChromeDriver
Capabilities {acceptInsecureCerts: false, acceptSslCerts: false, applicationCacheEnabled: false, browserConnectionEnabled: false, browserName: chrome, chrome: {chromedriverVersion: 2.44.609538 (b655c5a60b0b54..., userDataDir: C:\Users\PARVAT~1\AppData\L...}, cssSelectorsEnabled: true, databaseEnabled: false, goog:chromeOptions: {debuggerAddress: localhost:62312}, handlesAlerts: true, hasTouchScreen: false, javascriptEnabled: true, locationContextEnabled: true, mobileEmulationEnabled: false, nativeEvents: true, networkConnectionEnabled: false, pageLoadStrategy: normal, platform: XP, platformName: XP, rotatable: false, setWindowRect: true, takesHeapSnapshot: true, takesScreenshot: true, unexpectedAlertBehaviour: ignore, unhandledPromptBehavior: ignore, version: 83.0.4103.61, webStorageEnabled: true}
Session ID: 5d6931316d45366bf64c77364e6dbc1e
*** Element info: {Using=xpath, value=//div[contains(text(),'pkumar@vectre.net')]}
	at com.selenium.mindmatrix.project.base.BaseTest.reportFail(BaseTest.java:394)
	at com.selenium.mindmatrix.project.base.BaseTest.getElement(BaseTest.java:314)
	at com.selenium.mindmatrix.project.CriticalFunctionalityCheck.TC9Usergroupmodule.TestTC9(TC9Usergroupmodule.java:109)
	at java.util.concurrent.ThreadPoolExecutor.runWorker(Unknown Source)
	at java.util.concurrent.ThreadPoolExecutor$Worker.run(Unknown Source)
	at java.lang.Thread.run(Unknown Source)
... Removed 11 stack frames]]>
    </failure>
  </testcase> <!-- TestTC9 -->
  <testcase name="TestTC2" time="113.32" classname="com.selenium.mindmatrix.project.CriticalFunctionalityCheck.TC12Organizationmodule"/>
  <testcase name="TestTC11" time="229.383" classname="com.selenium.mindmatrix.project.CriticalFunctionalityCheck.TC11Organizationgroupmodule">
    <failure type="java.lang.AssertionError" message="no such element: Unable to locate element: {&amp;quot;method&amp;quot;:&amp;quot;xpath&amp;quot;,&amp;quot;selector&amp;quot;:&amp;quot;//div[contains(text(),&amp;apos;pkumar@vectre.net&amp;apos;)]&amp;quot;}
  (Session info: chrome=83.0.4103.61)
  (Driver info: chromedriver=2.44.609538 (b655c5a60b0b544917107a59d4153d4bf78e1b90),platform=Windows NT 10.0.18362 x86_64) (WARNING: The server did not provide any stacktrace information)
Command duration or timeout: 0 milliseconds
For documentation on this error, please visit: https://www.seleniumhq.org/exceptions/no_such_element.html
Build info: version: &amp;apos;3.141.59&amp;apos;, revision: &amp;apos;e82be7d358&amp;apos;, time: &amp;apos;2018-11-14T08:17:03&amp;apos;
System info: host: &amp;apos;DESKTOP-FSL8CGI&amp;apos;, ip: &amp;apos;192.168.1.5&amp;apos;, os.name: &amp;apos;Windows 10&amp;apos;, os.arch: &amp;apos;amd64&amp;apos;, os.version: &amp;apos;10.0&amp;apos;, java.version: &amp;apos;1.8.0_241&amp;apos;
Driver info: org.openqa.selenium.chrome.ChromeDriver
Capabilities {acceptInsecureCerts: false, acceptSslCerts: false, applicationCacheEnabled: false, browserConnectionEnabled: false, browserName: chrome, chrome: {chromedriverVersion: 2.44.609538 (b655c5a60b0b54..., userDataDir: C:\Users\PARVAT~1\AppData\L...}, cssSelectorsEnabled: true, databaseEnabled: false, goog:chromeOptions: {debuggerAddress: localhost:62393}, handlesAlerts: true, hasTouchScreen: false, javascriptEnabled: true, locationContextEnabled: true, mobileEmulationEnabled: false, nativeEvents: true, networkConnectionEnabled: false, pageLoadStrategy: normal, platform: XP, platformName: XP, rotatable: false, setWindowRect: true, takesHeapSnapshot: true, takesScreenshot: true, unexpectedAlertBehaviour: ignore, unhandledPromptBehavior: ignore, version: 83.0.4103.61, webStorageEnabled: true}
Session ID: 52b4c6d284747021d66a5d61172f5f5c
*** Element info: {Using=xpath, value=//div[contains(text(),&amp;apos;pkumar@vectre.net&amp;apos;)]}">
      <![CDATA[java.lang.AssertionError: no such element: Unable to locate element: {"method":"xpath","selector":"//div[contains(text(),'pkumar@vectre.net')]"}
  (Session info: chrome=83.0.4103.61)
  (Driver info: chromedriver=2.44.609538 (b655c5a60b0b544917107a59d4153d4bf78e1b90),platform=Windows NT 10.0.18362 x86_64) (WARNING: The server did not provide any stacktrace information)
Command duration or timeout: 0 milliseconds
For documentation on this error, please visit: https://www.seleniumhq.org/exceptions/no_such_element.html
Build info: version: '3.141.59', revision: 'e82be7d358', time: '2018-11-14T08:17:03'
System info: host: 'DESKTOP-FSL8CGI', ip: '192.168.1.5', os.name: 'Windows 10', os.arch: 'amd64', os.version: '10.0', java.version: '1.8.0_241'
Driver info: org.openqa.selenium.chrome.ChromeDriver
Capabilities {acceptInsecureCerts: false, acceptSslCerts: false, applicationCacheEnabled: false, browserConnectionEnabled: false, browserName: chrome, chrome: {chromedriverVersion: 2.44.609538 (b655c5a60b0b54..., userDataDir: C:\Users\PARVAT~1\AppData\L...}, cssSelectorsEnabled: true, databaseEnabled: false, goog:chromeOptions: {debuggerAddress: localhost:62393}, handlesAlerts: true, hasTouchScreen: false, javascriptEnabled: true, locationContextEnabled: true, mobileEmulationEnabled: false, nativeEvents: true, networkConnectionEnabled: false, pageLoadStrategy: normal, platform: XP, platformName: XP, rotatable: false, setWindowRect: true, takesHeapSnapshot: true, takesScreenshot: true, unexpectedAlertBehaviour: ignore, unhandledPromptBehavior: ignore, version: 83.0.4103.61, webStorageEnabled: true}
Session ID: 52b4c6d284747021d66a5d61172f5f5c
*** Element info: {Using=xpath, value=//div[contains(text(),'pkumar@vectre.net')]}
	at com.selenium.mindmatrix.project.base.BaseTest.reportFail(BaseTest.java:394)
	at com.selenium.mindmatrix.project.base.BaseTest.getElement(BaseTest.java:314)
	at com.selenium.mindmatrix.project.CriticalFunctionalityCheck.TC11Organizationgroupmodule.dvlmaster(TC11Organizationgroupmodule.java:311)
	at com.selenium.mindmatrix.project.CriticalFunctionalityCheck.TC11Organizationgroupmodule.TestTC11(TC11Organizationgroupmodule.java:53)
	at java.util.concurrent.ThreadPoolExecutor.runWorker(Unknown Source)
	at java.util.concurrent.ThreadPoolExecutor$Worker.run(Unknown Source)
	at java.lang.Thread.run(Unknown Source)
... Removed 11 stack frames]]>
    </failure>
  </testcase> <!-- TestTC11 -->
</testsuite> <!-- CriticalFunctionalityCheck -->
